<?xml version="1.0" encoding="UTF-8"?>
<!-- Generated by org.testng.reporters.JUnitReportReporter -->
<testsuite hostname="DESKTOP-C5KPPTM" failures="0" tests="4" name="execution.TestScripts" time="4012.192" errors="0" timestamp="2023-01-10T03:56:25 ICT" skipped="0">
  <testcase classname="execution.TestScripts" name="TestSuite_SearchAndViewJobDetails" time="17.626"/>
  <system-out/>
  <testcase classname="execution.TestScripts" name="TestSuite_SignUp" time="853.958"/>
  <system-out/>
  <testcase classname="execution.TestScripts" name="TestSuite_SignIn" time="2036.123"/>
  <system-out/>
  <testcase classname="execution.TestScripts" name="TestSuite_CreateCV" time="1104.485"/>
  <system-out/>
</testsuite> <!-- execution.TestScripts -->
